<?xml version="1.0" encoding="UTF-8"?>
<testsuite name="com.example.firstproject.service.ArticleServiceTest" tests="5" skipped="0" failures="0" errors="0" timestamp="2024-07-19T14:53:22" hostname="DESKTOP-MHKSOQG" time="0.793">
  <properties/>
  <testcase name="create_성공_title과_content만_있는_dto_입력()" classname="com.example.firstproject.service.ArticleServiceTest" time="0.648"/>
  <testcase name="index()" classname="com.example.firstproject.service.ArticleServiceTest" time="0.119"/>
  <testcase name="show_실패_존재하지_않는_id_입력()" classname="com.example.firstproject.service.ArticleServiceTest" time="0.013"/>
  <testcase name="create_실패_id가_포함된_dto_입력()" classname="com.example.firstproject.service.ArticleServiceTest" time="0.004"/>
  <testcase name="show_성공_존재하는_id_입력()" classname="com.example.firstproject.service.ArticleServiceTest" time="0.006"/>
  <system-out><![CDATA[23:53:19.550 [Test worker] INFO org.springframework.test.context.support.AnnotationConfigContextLoaderUtils -- Could not detect default configuration classes for test class [com.example.firstproject.service.ArticleServiceTest]: ArticleServiceTest does not declare any static, non-private, non-final, nested classes annotated with @Configuration.
23:53:19.645 [Test worker] INFO org.springframework.boot.test.context.SpringBootTestContextBootstrapper -- Found @SpringBootConfiguration com.example.firstproject.FirstprojectApplication for test class com.example.firstproject.service.ArticleServiceTest

  .   ____          _            __ _ _
 /\\ / ___'_ __ _ _(_)_ __  __ _ \ \ \ \
( ( )\___ | '_ | '_| | '_ \/ _` | \ \ \ \
 \\/  ___)| |_)| | | | | || (_| |  ) ) ) )
  '  |____| .__|_| |_|_| |_\__, | / / / /
 =========|_|==============|___/=/_/_/_/
 :: Spring Boot ::                (v3.1.0)

2024-07-19T23:53:19.988+09:00  INFO 17584 --- [    Test worker] c.e.f.service.ArticleServiceTest         : Starting ArticleServiceTest using Java 17.0.11 with PID 17584 (started by kimhaneul in C:\study\practiceProject\firstproject)
2024-07-19T23:53:19.989+09:00  INFO 17584 --- [    Test worker] c.e.f.service.ArticleServiceTest         : No active profile set, falling back to 1 default profile: "default"
2024-07-19T23:53:20.522+09:00  INFO 17584 --- [    Test worker] .s.d.r.c.RepositoryConfigurationDelegate : Bootstrapping Spring Data JPA repositories in DEFAULT mode.
2024-07-19T23:53:20.584+09:00  INFO 17584 --- [    Test worker] .s.d.r.c.RepositoryConfigurationDelegate : Finished Spring Data repository scanning in 38 ms. Found 1 JPA repository interfaces.
2024-07-19T23:53:20.897+09:00  INFO 17584 --- [    Test worker] com.zaxxer.hikari.HikariDataSource       : HikariPool-1 - Starting...
2024-07-19T23:53:21.028+09:00  INFO 17584 --- [    Test worker] com.zaxxer.hikari.pool.HikariPool        : HikariPool-1 - Added connection conn0: url=jdbc:h2:mem:testdb user=SA
2024-07-19T23:53:21.030+09:00  INFO 17584 --- [    Test worker] com.zaxxer.hikari.HikariDataSource       : HikariPool-1 - Start completed.
2024-07-19T23:53:21.078+09:00  INFO 17584 --- [    Test worker] o.hibernate.jpa.internal.util.LogHelper  : HHH000204: Processing PersistenceUnitInfo [name: default]
2024-07-19T23:53:21.128+09:00  INFO 17584 --- [    Test worker] org.hibernate.Version                    : HHH000412: Hibernate ORM core version 6.2.2.Final
2024-07-19T23:53:21.131+09:00  INFO 17584 --- [    Test worker] org.hibernate.cfg.Environment            : HHH000406: Using bytecode reflection optimizer
2024-07-19T23:53:21.284+09:00  INFO 17584 --- [    Test worker] o.h.b.i.BytecodeProviderInitiator        : HHH000021: Bytecode provider name : bytebuddy
2024-07-19T23:53:21.416+09:00  INFO 17584 --- [    Test worker] o.s.o.j.p.SpringPersistenceUnitInfo      : No LoadTimeWeaver setup: ignoring JPA class transformer
2024-07-19T23:53:21.457+09:00  INFO 17584 --- [    Test worker] org.hibernate.orm.dialect                : HHH035001: Using dialect: org.hibernate.dialect.H2Dialect, version: 2.1.214
2024-07-19T23:53:21.587+09:00  INFO 17584 --- [    Test worker] o.h.b.i.BytecodeProviderInitiator        : HHH000021: Bytecode provider name : bytebuddy
2024-07-19T23:53:21.989+09:00  INFO 17584 --- [    Test worker] o.h.e.t.j.p.i.JtaPlatformInitiator       : HHH000490: Using JtaPlatform implementation: [org.hibernate.engine.transaction.jta.platform.internal.NoJtaPlatform]
2024-07-19T23:53:22.000+09:00 DEBUG 17584 --- [    Test worker] org.hibernate.SQL                        : 
    drop table if exists article cascade 
2024-07-19T23:53:22.007+09:00 DEBUG 17584 --- [    Test worker] org.hibernate.SQL                        : 
    create table article (
        id bigint generated by default as identity,
        content varchar(255),
        title varchar(255),
        primary key (id)
    )
2024-07-19T23:53:22.015+09:00  INFO 17584 --- [    Test worker] o.h.t.s.i.e.GenerationTargetToDatabase   : HHH000476: Executing script '[injected ScriptSourceInputNonExistentImpl script]'
2024-07-19T23:53:22.017+09:00  INFO 17584 --- [    Test worker] j.LocalContainerEntityManagerFactoryBean : Initialized JPA EntityManagerFactory for persistence unit 'default'
2024-07-19T23:53:22.379+09:00  WARN 17584 --- [    Test worker] JpaBaseConfiguration$JpaWebConfiguration : spring.jpa.open-in-view is enabled by default. Therefore, database queries may be performed during view rendering. Explicitly configure spring.jpa.open-in-view to disable this warning
2024-07-19T23:53:22.727+09:00  INFO 17584 --- [    Test worker] o.s.b.a.h2.H2ConsoleAutoConfiguration    : H2 console available at '/h2-console'. Database available at 'jdbc:h2:mem:testdb'
2024-07-19T23:53:22.806+09:00  INFO 17584 --- [    Test worker] c.e.f.service.ArticleServiceTest         : Started ArticleServiceTest in 3.001 seconds (process running for 4.018)
2024-07-19T23:53:23.417+09:00 DEBUG 17584 --- [    Test worker] org.hibernate.SQL                        : 
    insert 
    into
        article
        (content,title,id) 
    values
        (?,?,default)
2024-07-19T23:53:23.589+09:00 DEBUG 17584 --- [    Test worker] org.hibernate.SQL                        : 
    select
        a1_0.id,
        a1_0.content,
        a1_0.title 
    from
        article a1_0
2024-07-19T23:53:23.605+09:00 DEBUG 17584 --- [    Test worker] org.hibernate.SQL                        : 
    select
        a1_0.id,
        a1_0.content,
        a1_0.title 
    from
        article a1_0 
    where
        a1_0.id=?
2024-07-19T23:53:23.617+09:00 DEBUG 17584 --- [    Test worker] org.hibernate.SQL                        : 
    select
        a1_0.id,
        a1_0.content,
        a1_0.title 
    from
        article a1_0 
    where
        a1_0.id=?
]]></system-out>
  <system-err><![CDATA[]]></system-err>
</testsuite>
